[    0.000000] Linux version 4.15.0-52-generic (buildd@lgw01-amd64-051) (gcc version 7.3.0 (Ubuntu 7.3.0-16ubuntu3)) #56-Ubuntu SMP Tue Jun 4 22:49:08 UTC 2019 (Ubuntu 4.15.0-52.56-generic 4.15.18)
[    0.000000] Command line: BOOT_IMAGE=/boot/vmlinuz-4.15.0-52-generic root=LABEL=cloudimg-rootfs ro console=tty1 console=ttyS0
[    0.000000] KERNEL supported cpus:
[    0.000000]   Intel GenuineIntel
[    0.000000]   AMD AuthenticAMD
[    0.000000]   Centaur CentaurHauls
[    0.000000] x86/fpu: Supporting XSAVE feature 0x001: 'x87 floating point registers'
[    0.000000] x86/fpu: Supporting XSAVE feature 0x002: 'SSE registers'
[    0.000000] x86/fpu: Supporting XSAVE feature 0x004: 'AVX registers'
[    0.000000] x86/fpu: xstate_offset[2]:  576, xstate_sizes[2]:  256
[    0.000000] x86/fpu: Enabled xstate features 0x7, context size is 832 bytes, using 'standard' format.
[    0.000000] e820: BIOS-provided physical RAM map:
[    0.000000] BIOS-e820: [mem 0x0000000000000000-0x000000000009fbff] usable
[    0.000000] BIOS-e820: [mem 0x000000000009fc00-0x000000000009ffff] reserved
[    0.000000] BIOS-e820: [mem 0x00000000000f0000-0x00000000000fffff] reserved
[    0.000000] BIOS-e820: [mem 0x0000000000100000-0x00000000dffeffff] usable
[    0.000000] BIOS-e820: [mem 0x00000000dfff0000-0x00000000dfffffff] ACPI data
[    0.000000] BIOS-e820: [mem 0x00000000fec00000-0x00000000fec00fff] reserved
[    0.000000] BIOS-e820: [mem 0x00000000fee00000-0x00000000fee00fff] reserved
[    0.000000] BIOS-e820: [mem 0x00000000fffc0000-0x00000000ffffffff] reserved
[    0.000000] BIOS-e820: [mem 0x0000000100000000-0x000000019fffffff] usable
[    0.000000] NX (Execute Disable) protection: active
[    0.000000] SMBIOS 2.5 present.
[    0.000000] DMI: innotek GmbH VirtualBox/VirtualBox, BIOS VirtualBox 12/01/2006
[    0.000000] Hypervisor detected: KVM
[    0.000000] e820: last_pfn = 0x1a0000 max_arch_pfn = 0x400000000
[    0.000000] MTRR: Disabled
[    0.000000] x86/PAT: MTRRs disabled, skipping PAT initialization too.
[    0.000000] CPU MTRRs all blank - virtualized system.
[    0.000000] x86/PAT: Configuration [0-7]: WB  WT  UC- UC  WB  WT  UC- UC  
[    0.000000] e820: last_pfn = 0xdfff0 max_arch_pfn = 0x400000000
[    0.000000] found SMP MP-table at [mem 0x0009fff0-0x0009ffff] mapped at [        (ptrval)]
[    0.000000] Scanning 1 areas for low memory corruption
[    0.000000] RAMDISK: [mem 0x3597f000-0x36cb6fff]
[    0.000000] ACPI: Early table checksum verification disabled
[    0.000000] ACPI: RSDP 0x00000000000E0000 000024 (v02 VBOX  )
[    0.000000] ACPI: XSDT 0x00000000DFFF0030 00003C (v01 VBOX   VBOXXSDT 00000001 ASL  00000061)
[    0.000000] ACPI: FACP 0x00000000DFFF00F0 0000F4 (v04 VBOX   VBOXFACP 00000001 ASL  00000061)
[    0.000000] ACPI: DSDT 0x00000000DFFF0480 0022EA (v02 VBOX   VBOXBIOS 00000002 INTL 20100528)
[    0.000000] ACPI: FACS 0x00000000DFFF0200 000040
[    0.000000] ACPI: FACS 0x00000000DFFF0200 000040
[    0.000000] ACPI: APIC 0x00000000DFFF0240 000064 (v02 VBOX   VBOXAPIC 00000001 ASL  00000061)
[    0.000000] ACPI: SSDT 0x00000000DFFF02B0 0001CC (v01 VBOX   VBOXCPUT 00000002 INTL 20100528)
[    0.000000] No NUMA configuration found
[    0.000000] Faking a node at [mem 0x0000000000000000-0x000000019fffffff]
[    0.000000] NODE_DATA(0) allocated [mem 0x19ffd1000-0x19fffbfff]
[    0.000000] kvm-clock: cpu 0, msr 1:9ff50001, primary cpu clock
[    0.000000] kvm-clock: Using msrs 4b564d01 and 4b564d00
[    0.000000] kvm-clock: using sched offset of 3708959792 cycles
[    0.000000] clocksource: kvm-clock: mask: 0xffffffffffffffff max_cycles: 0x1cd42e4dffb, max_idle_ns: 881590591483 ns
[    0.000000] Zone ranges:
[    0.000000]   DMA      [mem 0x0000000000001000-0x0000000000ffffff]
[    0.000000]   DMA32    [mem 0x0000000001000000-0x00000000ffffffff]
[    0.000000]   Normal   [mem 0x0000000100000000-0x000000019fffffff]
[    0.000000]   Device   empty
[    0.000000] Movable zone start for each node
[    0.000000] Early memory node ranges
[    0.000000]   node   0: [mem 0x0000000000001000-0x000000000009efff]
[    0.000000]   node   0: [mem 0x0000000000100000-0x00000000dffeffff]
[    0.000000]   node   0: [mem 0x0000000100000000-0x000000019fffffff]
[    0.000000] Reserved but unavailable: 114 pages
[    0.000000] Initmem setup node 0 [mem 0x0000000000001000-0x000000019fffffff]
[    0.000000] ACPI: PM-Timer IO Port: 0x4008
[    0.000000] IOAPIC[0]: apic_id 3, version 32, address 0xfec00000, GSI 0-23
[    0.000000] ACPI: INT_SRC_OVR (bus 0 bus_irq 0 global_irq 2 dfl dfl)
[    0.000000] ACPI: INT_SRC_OVR (bus 0 bus_irq 9 global_irq 9 low level)
[    0.000000] Using ACPI (MADT) for SMP configuration information
[    0.000000] smpboot: Allowing 3 CPUs, 0 hotplug CPUs
[    0.000000] PM: Registered nosave memory: [mem 0x00000000-0x00000fff]
[    0.000000] PM: Registered nosave memory: [mem 0x0009f000-0x0009ffff]
[    0.000000] PM: Registered nosave memory: [mem 0x000a0000-0x000effff]
[    0.000000] PM: Registered nosave memory: [mem 0x000f0000-0x000fffff]
[    0.000000] PM: Registered nosave memory: [mem 0xdfff0000-0xdfffffff]
[    0.000000] PM: Registered nosave memory: [mem 0xe0000000-0xfebfffff]
[    0.000000] PM: Registered nosave memory: [mem 0xfec00000-0xfec00fff]
[    0.000000] PM: Registered nosave memory: [mem 0xfec01000-0xfedfffff]
[    0.000000] PM: Registered nosave memory: [mem 0xfee00000-0xfee00fff]
[    0.000000] PM: Registered nosave memory: [mem 0xfee01000-0xfffbffff]
[    0.000000] PM: Registered nosave memory: [mem 0xfffc0000-0xffffffff]
[    0.000000] e820: [mem 0xe0000000-0xfebfffff] available for PCI devices
[    0.000000] Booting paravirtualized kernel on KVM
[    0.000000] clocksource: refined-jiffies: mask: 0xffffffff max_cycles: 0xffffffff, max_idle_ns: 7645519600211568 ns
[    0.000000] random: get_random_bytes called from start_kernel+0x99/0x4fd with crng_init=0
[    0.000000] setup_percpu: NR_CPUS:8192 nr_cpumask_bits:3 nr_cpu_ids:3 nr_node_ids:1
[    0.000000] percpu: Embedded 46 pages/cpu @        (ptrval) s151552 r8192 d28672 u524288
[    0.000000] PV qspinlock hash table entries: 256 (order: 0, 4096 bytes)
[    0.000000] Built 1 zonelists, mobility grouping on.  Total pages: 1548153
[    0.000000] Policy zone: Normal
[    0.000000] Kernel command line: BOOT_IMAGE=/boot/vmlinuz-4.15.0-52-generic root=LABEL=cloudimg-rootfs ro console=tty1 console=ttyS0
[    0.000000] Memory: 6077712K/6291000K available (12300K kernel code, 2473K rwdata, 4272K rodata, 2408K init, 2416K bss, 213288K reserved, 0K cma-reserved)
[    0.000000] SLUB: HWalign=64, Order=0-3, MinObjects=0, CPUs=3, Nodes=1
[    0.000000] Kernel/User page tables isolation: enabled
[    0.000000] ftrace: allocating 39216 entries in 154 pages
[    0.004000] Hierarchical RCU implementation.
[    0.004000] 	RCU restricting CPUs from NR_CPUS=8192 to nr_cpu_ids=3.
[    0.004000] 	Tasks RCU enabled.
[    0.004000] RCU: Adjusting geometry for rcu_fanout_leaf=16, nr_cpu_ids=3
[    0.004000] NR_IRQS: 524544, nr_irqs: 448, preallocated irqs: 16
[    0.004000] Console: colour VGA+ 80x25
[    0.004000] console [tty1] enabled
[    0.004000] console [ttyS0] enabled
[    0.004000] ACPI: Core revision 20170831
[    0.004000] ACPI: 2 ACPI AML tables successfully acquired and loaded
[    0.004000] APIC: Switch to symmetric I/O mode setup
[    0.004000] x2apic enabled
[    0.004000] Switched APIC routing to physical x2apic.
[    0.004000] ..TIMER: vector=0x30 apic1=0 pin1=2 apic2=-1 pin2=-1
[    0.004004] tsc: Detected 2399.998 MHz processor
[    0.004821] Calibrating delay loop (skipped) preset value.. 4799.99 BogoMIPS (lpj=9599992)
[    0.005455] pid_max: default: 32768 minimum: 301
[    0.006315] Security Framework initialized
[    0.008001] Yama: becoming mindful.
[    0.008644] AppArmor: AppArmor initialized
[    0.013317] Dentry cache hash table entries: 1048576 (order: 11, 8388608 bytes)
[    0.018675] Inode-cache hash table entries: 524288 (order: 10, 4194304 bytes)
[    0.020027] Mount-cache hash table entries: 16384 (order: 5, 131072 bytes)
[    0.021224] Mountpoint-cache hash table entries: 16384 (order: 5, 131072 bytes)
[    0.024208] mce: CPU supports 0 MCE banks
[    0.025134] Last level iTLB entries: 4KB 64, 2MB 8, 4MB 8
[    0.026084] Last level dTLB entries: 4KB 64, 2MB 0, 4MB 0, 1GB 4
[    0.027135] Spectre V2 : Mitigation: Full generic retpoline
[    0.028001] Spectre V2 : Spectre v2 / SpectreRSB mitigation: Filling RSB on context switch
[    0.029482] Speculative Store Bypass: Vulnerable
[    0.030346] MDS: Mitigation: Clear CPU buffers
[    0.031214] Freeing SMP alternatives memory: 36K
[    0.036000] smpboot: CPU0: Intel(R) Core(TM) i5-8279U CPU @ 2.40GHz (family: 0x6, model: 0x8e, stepping: 0xa)
[    0.036000] Performance Events: unsupported p6 CPU model 142 no PMU driver, software events only.
[    0.036032] Hierarchical SRCU implementation.
[    0.037320] NMI watchdog: Perf event create on CPU 0 failed with -2
[    0.038427] NMI watchdog: Perf NMI watchdog permanently disabled
[    0.040053] smp: Bringing up secondary CPUs ...
[    0.040942] x86: Booting SMP configuration:
[    0.041710] .... node  #0, CPUs:      #1
[    0.004000] kvm-clock: cpu 1, msr 1:9ff50041, secondary cpu clock
[    0.004000] mce: CPU supports 0 MCE banks
[    0.046838]  #2
[    0.004000] kvm-clock: cpu 2, msr 1:9ff50081, secondary cpu clock
[    0.004000] mce: CPU supports 0 MCE banks
[    0.051506] smp: Brought up 1 node, 3 CPUs
[    0.052002] smpboot: Max logical packages: 1
[    0.053056] smpboot: Total of 3 processors activated (14399.98 BogoMIPS)
[    0.054538] devtmpfs: initialized
[    0.056046] x86/mm: Memory block size: 128MB
[    0.057368] evm: security.selinux
[    0.058124] evm: security.SMACK64
[    0.058791] evm: security.SMACK64EXEC
[    0.060001] evm: security.SMACK64TRANSMUTE
[    0.060942] evm: security.SMACK64MMAP
[    0.061635] evm: security.apparmor
[    0.062277] evm: security.ima
[    0.062960] evm: security.capability
[    0.064073] clocksource: jiffies: mask: 0xffffffff max_cycles: 0xffffffff, max_idle_ns: 7645041785100000 ns
[    0.065733] futex hash table entries: 1024 (order: 4, 65536 bytes)
[    0.066905] pinctrl core: initialized pinctrl subsystem
[    0.068082] RTC time:  1:26:25, date: 06/28/19
[    0.069023] NET: Registered protocol family 16
[    0.069881] audit: initializing netlink subsys (disabled)
[    0.070980] audit: type=2000 audit(1561685190.268:1): state=initialized audit_enabled=0 res=1
[    0.072004] cpuidle: using governor ladder
[    0.072754] cpuidle: using governor menu
[    0.073495] ACPI: bus type PCI registered
[    0.076008] acpiphp: ACPI Hot Plug PCI Controller Driver version: 0.5
[    0.077269] PCI: Using configuration type 1 for base access
[    0.078350] HugeTLB registered 2.00 MiB page size, pre-allocated 0 pages
[    0.081151] ACPI: Added _OSI(Module Device)
[    0.082172] ACPI: Added _OSI(Processor Device)
[    0.084007] ACPI: Added _OSI(3.0 _SCP Extensions)
[    0.084870] ACPI: Added _OSI(Processor Aggregator Device)
[    0.085837] ACPI: Added _OSI(Linux-Dell-Video)
[    0.086785] ACPI: Added _OSI(Linux-Lenovo-NV-HDMI-Audio)
[    0.088002] ACPI: Added _OSI(Linux-HPI-Hybrid-Graphics)
[    0.089290] ACPI: Executed 1 blocks of module-level executable AML code
[    0.094530] ACPI: Interpreter enabled
[    0.095285] ACPI: (supports S0 S5)
[    0.096002] ACPI: Using IOAPIC for interrupt routing
[    0.097072] PCI: Using host bridge windows from ACPI; if necessary, use "pci=nocrs" and report a bug
[    0.099057] ACPI: Enabled 2 GPEs in block 00 to 07
[    0.106257] ACPI: PCI Root Bridge [PCI0] (domain 0000 [bus 00-ff])
[    0.107905] acpi PNP0A03:00: _OSC: OS supports [ASPM ClockPM Segments MSI]
[    0.108356] acpi PNP0A03:00: _OSC: not requesting OS control; OS requires [ExtendedConfig ASPM ClockPM MSI]
[    0.110578] acpi PNP0A03:00: fail to add MMCONFIG information, can't access extended PCI configuration space under this bridge.
[    0.112364] PCI host bridge to bus 0000:00
[    0.113164] pci_bus 0000:00: root bus resource [io  0x0000-0x0cf7 window]
[    0.116003] pci_bus 0000:00: root bus resource [io  0x0d00-0xffff window]
[    0.117188] pci_bus 0000:00: root bus resource [mem 0x000a0000-0x000bffff window]
[    0.118536] pci_bus 0000:00: root bus resource [mem 0xe0000000-0xfdffffff window]
[    0.120002] pci_bus 0000:00: root bus resource [bus 00-ff]
[    0.124142] pci 0000:00:01.1: legacy IDE quirk: reg 0x10: [io  0x01f0-0x01f7]
[    0.125376] pci 0000:00:01.1: legacy IDE quirk: reg 0x14: [io  0x03f6]
[    0.126771] pci 0000:00:01.1: legacy IDE quirk: reg 0x18: [io  0x0170-0x0177]
[    0.128003] pci 0000:00:01.1: legacy IDE quirk: reg 0x1c: [io  0x0376]
[    0.182130] pci 0000:00:07.0: quirk: [io  0x4000-0x403f] claimed by PIIX4 ACPI
[    0.184018] pci 0000:00:07.0: quirk: [io  0x4100-0x410f] claimed by PIIX4 SMB
[    0.233858] ACPI: PCI Interrupt Link [LNKA] (IRQs 5 9 10 *11)
[    0.236251] ACPI: PCI Interrupt Link [LNKB] (IRQs 5 9 *10 11)
[    0.237469] ACPI: PCI Interrupt Link [LNKC] (IRQs 5 *9 10 11)
[    0.240144] ACPI: PCI Interrupt Link [LNKD] (IRQs 5 9 10 *11)
[    0.241550] SCSI subsystem initialized
[    0.242311] pci 0000:00:02.0: vgaarb: setting as boot VGA device
[    0.242311] pci 0000:00:02.0: vgaarb: VGA device added: decodes=io+mem,owns=io+mem,locks=none
[    0.244004] pci 0000:00:02.0: vgaarb: bridge control possible
[    0.245058] vgaarb: loaded
[    0.248021] ACPI: bus type USB registered
[    0.248771] usbcore: registered new interface driver usbfs
[    0.249747] usbcore: registered new interface driver hub
[    0.250707] usbcore: registered new device driver usb
[    0.252047] EDAC MC: Ver: 3.0.0
[    0.252984] PCI: Using ACPI for IRQ routing
[    0.253674] NetLabel: Initializing
[    0.254508] NetLabel:  domain hash size = 128
[    0.256002] NetLabel:  protocols = UNLABELED CIPSOv4 CALIPSO
[    0.257135] NetLabel:  unlabeled traffic allowed by default
[    0.258232] clocksource: Switched to clocksource kvm-clock
[    0.268219] VFS: Disk quotas dquot_6.6.0
[    0.269574] VFS: Dquot-cache hash table entries: 512 (order 0, 4096 bytes)
[    0.270862] AppArmor: AppArmor Filesystem Enabled
[    0.271755] pnp: PnP ACPI init
[    0.273483] pnp: PnP ACPI: found 3 devices
[    0.284731] clocksource: acpi_pm: mask: 0xffffff max_cycles: 0xffffff, max_idle_ns: 2085701024 ns
[    0.286703] NET: Registered protocol family 2
[    0.288717] TCP established hash table entries: 65536 (order: 7, 524288 bytes)
[    0.290491] TCP bind hash table entries: 65536 (order: 8, 1048576 bytes)
[    0.291739] TCP: Hash tables configured (established 65536 bind 65536)
[    0.292939] UDP hash table entries: 4096 (order: 5, 131072 bytes)
[    0.294067] UDP-Lite hash table entries: 4096 (order: 5, 131072 bytes)
[    0.296085] NET: Registered protocol family 1
[    0.296943] pci 0000:00:00.0: Limiting direct PCI/PCI transfers
[    0.298047] pci 0000:00:01.0: Activating ISA DMA hang workarounds
[    0.299260] pci 0000:00:02.0: Video device with shadowed ROM at [mem 0x000c0000-0x000dffff]
[    0.301060] Unpacking initramfs...
[    0.533141] Freeing initrd memory: 19680K
[    0.535160] PCI-DMA: Using software bounce buffering for IO (SWIOTLB)
[    0.536409] software IO TLB [mem 0xdbff0000-0xdfff0000] (64MB) mapped at [        (ptrval)-        (ptrval)]
[    0.538219] clocksource: tsc: mask: 0xffffffffffffffff max_cycles: 0x229835b7123, max_idle_ns: 440795242976 ns
[    0.540005] platform rtc_cmos: registered platform RTC device (no PNP device found)
[    0.541433] Scanning for low memory corruption every 60 seconds
[    0.543087] Initialise system trusted keyrings
[    0.543992] Key type blacklist registered
[    0.544866] workingset: timestamp_bits=36 max_order=21 bucket_order=0
[    0.546717] zbud: loaded
[    0.549121] squashfs: version 4.0 (2009/01/31) Phillip Lougher
[    0.550877] fuse init (API version 7.26)
[    0.555066] Key type asymmetric registered
[    0.555831] Asymmetric key parser 'x509' registered
[    0.557025] Block layer SCSI generic (bsg) driver version 0.4 loaded (major 246)
[    0.558464] io scheduler noop registered
[    0.559192] io scheduler deadline registered
[    0.559983] io scheduler cfq registered (default)
[    0.561620] ACPI: AC Adapter [AC] (off-line)
[    0.562776] input: Power Button as /devices/LNXSYSTM:00/LNXPWRBN:00/input/input0
[    0.564239] ACPI: Power Button [PWRF]
[    0.564979] input: Sleep Button as /devices/LNXSYSTM:00/LNXSLPBN:00/input/input1
[    0.566297] ACPI: Sleep Button [SLPF]
[    0.568259] ACPI: Battery Slot [BAT0] (battery present)
[    0.569337] Serial: 8250/16550 driver, 32 ports, IRQ sharing enabled
[    0.591790] 00:02: ttyS0 at I/O 0x3f8 (irq = 4, base_baud = 115200) is a 16550A
[    0.597557] Linux agpgart interface v0.103
[    0.601077] loop: module loaded
[    0.602319] scsi host0: ata_piix
[    0.603182] scsi host1: ata_piix
[    0.603825] ata1: PATA max UDMA/33 cmd 0x1f0 ctl 0x3f6 bmdma 0xd000 irq 14
[    0.605215] ata2: PATA max UDMA/33 cmd 0x170 ctl 0x376 bmdma 0xd008 irq 15
[    0.606575] libphy: Fixed MDIO Bus: probed
[    0.607606] tun: Universal TUN/TAP device driver, 1.6
[    0.608708] PPP generic driver version 2.4.2
[    0.610060] ehci_hcd: USB 2.0 'Enhanced' Host Controller (EHCI) Driver
[    0.611278] ehci-pci: EHCI PCI platform driver
[    0.612110] ehci-platform: EHCI generic platform driver
[    0.613110] ohci_hcd: USB 1.1 'Open' Host Controller (OHCI) Driver
[    0.614219] ohci-pci: OHCI PCI platform driver
[    0.615287] ohci-platform: OHCI generic platform driver
[    0.616271] uhci_hcd: USB Universal Host Controller Interface driver
[    0.617459] i8042: PNP: PS/2 Controller [PNP0303:PS2K,PNP0f03:PS2M] at 0x60,0x64 irq 1,12
[    0.619420] serio: i8042 KBD port at 0x60,0x64 irq 1
[    0.620379] serio: i8042 AUX port at 0x60,0x64 irq 12
[    0.621429] mousedev: PS/2 mouse device common for all mice
[    0.622942] input: AT Translated Set 2 keyboard as /devices/platform/i8042/serio0/input/input2
[    0.624620] rtc_cmos rtc_cmos: rtc core: registered rtc_cmos as rtc0
[    0.625855] rtc_cmos rtc_cmos: alarms up to one day, 114 bytes nvram
[    0.626977] i2c /dev entries driver
[    0.627660] device-mapper: uevent: version 1.0.3
[    0.628653] device-mapper: ioctl: 4.37.0-ioctl (2017-09-20) initialised: dm-devel@redhat.com
[    0.630325] ledtrig-cpu: registered to indicate activity on CPUs
[    0.632238] NET: Registered protocol family 10
[    0.635914] Segment Routing with IPv6
[    0.637104] NET: Registered protocol family 17
[    0.638065] Key type dns_resolver registered
[    0.639128] RAS: Correctable Errors collector initialized.
[    0.640152] sched_clock: Marking stable (640137718, 0)->(1024331208, -384193490)
[    0.642399] registered taskstats version 1
[    0.643146] Loading compiled-in X.509 certificates
[    0.647279] Loaded X.509 cert 'Build time autogenerated kernel key: 090ea8f218b1de455a55c926855dfde92833e981'
[    0.649255] zswap: loaded using pool lzo/zbud
[    0.652957] Key type big_key registered
[    0.653668] Key type trusted registered
[    0.655685] Key type encrypted registered
[    0.657071] AppArmor: AppArmor sha1 policy hashing enabled
[    0.658051] ima: No TPM chip found, activating TPM-bypass! (rc=-19)
[    0.659150] ima: Allocated hash algorithm: sha1
[    0.659977] evm: HMAC attrs: 0x1
[    0.661530]   Magic number: 7:581:408
[    0.662448] rtc_cmos rtc_cmos: setting system clock to 2019-06-28 01:26:25 UTC (1561685185)
[    0.664487] BIOS EDD facility v0.16 2004-Jun-25, 0 devices found
[    0.665577] EDD information not available.
[    0.766839] Freeing unused kernel image memory: 2408K
[    0.776676] Write protecting the kernel read-only data: 20480k
[    0.779411] Freeing unused kernel image memory: 2008K
[    0.781063] Freeing unused kernel image memory: 1872K
[    0.787058] x86/mm: Checked W+X mappings: passed, no W+X pages found.
[    0.788551] x86/mm: Checking user space page tables
[    0.793561] x86/mm: Checked W+X mappings: passed, no W+X pages found.
Loading, please wait...
starting version 237
[    0.845358] e1000: Intel(R) PRO/1000 Network Driver - version 7.3.21-k8-NAPI
[    0.847128] e1000: Copyright (c) 1999-2006 Intel Corporation.
[    0.853303] Fusion MPT base driver 3.04.20
[    0.854462] Copyright (c) 1999-2008 LSI Corporation
[    0.864170] AVX2 version of gcm_enc/dec engaged.
[    0.865590] AES CTR mode by8 optimization enabled
[    0.866613] Fusion MPT SPI Host driver 3.04.20
[    0.869581] vboxvideo: loading out-of-tree module taints kernel.
[    0.870822] vboxvideo: module verification failed: signature and/or required key missing - tainting kernel
[    1.065167] input: ImExPS/2 Generic Explorer Mouse as /devices/platform/i8042/serio1/input/input4
[    1.240503] e1000 0000:00:03.0 eth0: (PCI:33MHz:32-bit) 02:27:29:89:28:9f
[    1.242422] e1000 0000:00:03.0 eth0: Intel(R) PRO/1000 Network Connection
[    1.940727] e1000 0000:00:08.0 eth1: (PCI:33MHz:32-bit) 08:00:27:f8:b5:38
[    1.942706] e1000 0000:00:08.0 eth1: Intel(R) PRO/1000 Network Connection
[    1.945056] mptbase: ioc0: Initiating bringup
[    2.076971] ioc0: LSI53C1030 A0: Capabilities={Initiator}
[    2.887191] scsi host2: ioc0: LSI53C1030 A0, FwRev=00000000h, Ports=1, MaxQ=256, IRQ=20
[    3.241104] scsi 2:0:0:0: Direct-Access     VBOX     HARDDISK         1.0  PQ: 0 ANSI: 5
[    3.242670] [drm] VRAM 01000000
[    3.243205] [TTM] Zone  kernel: Available graphics memory: 3051858 kiB
[    3.243206] [TTM] Zone   dma32: Available graphics memory: 2097152 kiB
[    3.243207] [TTM] Initializing pool allocator
[    3.243211] [TTM] Initializing DMA pool allocator
[    3.253677] fbcon: vboxdrmfb (fb0) is primary device
[    3.255289] Console: switching to colour frame buffer device 100x37
[    3.258588] vboxvideo 0000:00:02.0: fb0: vboxdrmfb frame buffer device
[    3.272726] [drm] Initialized vboxvideo 1.0.0 20130823 for 0000:00:02.0 on minor 0
[    3.280188] scsi target2:0:0: Beginning Domain Validation
[    3.282371] scsi target2:0:0: Domain Validation skipping write tests
[    3.283551] scsi target2:0:0: Ending Domain Validation
[    3.285041] scsi target2:0:0: asynchronous
[    3.286097] scsi 2:0:1:0: Direct-Access     VBOX     HARDDISK         1.0  PQ: 0 ANSI: 5
[    3.320133] scsi target2:0:1: Beginning Domain Validation
[    3.323048] scsi target2:0:1: Domain Validation skipping write tests
[    3.324547] scsi target2:0:1: Ending Domain Validation
[    3.325911] scsi target2:0:1: asynchronous
[    3.329364] sd 2:0:0:0: Attached scsi generic sg0 type 0
[    3.334242] sd 2:0:1:0: Attached scsi generic sg1 type 0
[    3.338820] sd 2:0:0:0: [sda] 50331648 512-byte logical blocks: (25.8 GB/24.0 GiB)
[    3.340361] sd 2:0:0:0: [sda] Write Protect is off
[    3.345662] sd 2:0:1:0: [sdb] 20480 512-byte logical blocks: (10.5 MB/10.0 MiB)
[    3.347137] sd 2:0:0:0: [sda] Incomplete mode parameter data
[    3.348209] sd 2:0:0:0: [sda] Assuming drive cache: write through
[    3.349821] sd 2:0:1:0: [sdb] Write Protect is off
[    3.351046] sd 2:0:1:0: [sdb] Incomplete mode parameter data
[    3.352150] sd 2:0:1:0: [sdb] Assuming drive cache: write through
[    3.354695] random: fast init done
[    3.355704]  sda: sda1
[    3.356717] random: systemd-udevd: uninitialized urandom read (16 bytes read)
[    3.358205] random: systemd-udevd: uninitialized urandom read (16 bytes read)
[    3.360171] random: systemd-udevd: uninitialized urandom read (16 bytes read)
[    3.361817] sd 2:0:0:0: [sda] Attached SCSI disk
[    3.363383] sd 2:0:1:0: [sdb] Attached SCSI disk
[    3.693939] e1000 0000:00:09.0 eth2: (PCI:33MHz:32-bit) 08:00:27:81:af:c6
[    3.696023] e1000 0000:00:09.0 eth2: Intel(R) PRO/1000 Network Connection
[    3.698130] e1000 0000:00:09.0 enp0s9: renamed from eth2
[    3.737102] e1000 0000:00:08.0 enp0s8: renamed from eth1
[    3.765129] e1000 0000:00:03.0 enp0s3: renamed from eth0
Begin: Loading essential drivers ... [    3.924664] raid6: sse2x1   gen() 13856 MB/s
[    3.972201] raid6: sse2x1   xor()  9994 MB/s
[    4.020211] raid6: sse2x2   gen() 16910 MB/s
[    4.068167] raid6: sse2x2   xor() 11073 MB/s
[    4.116267] raid6: sse2x4   gen() 19077 MB/s
[    4.164084] raid6: sse2x4   xor() 12009 MB/s
[    4.212017] raid6: avx2x1   gen() 27483 MB/s
[    4.260143] raid6: avx2x1   xor() 19186 MB/s
[    4.308414] raid6: avx2x2   gen() 33851 MB/s
[    4.356165] raid6: avx2x2   xor() 21309 MB/s
[    4.404332] raid6: avx2x4   gen() 38179 MB/s
[    4.452338] raid6: avx2x4   xor() 22643 MB/s
[    4.453536] raid6: using algorithm avx2x4 gen() 38179 MB/s
[    4.454561] raid6: .... xor() 22643 MB/s, rmw enabled
[    4.456077] raid6: using avx2x2 recovery algorithm
[    4.458267] xor: automatically using best checksumming function   avx       
[    4.460522] async_tx: api initialized (async)
done.
Begin: Running /scripts/init-premount ... done.
Begin: Mounting root file system ... Begin: Running /scripts/local-top ... done.
Begin: Running /scripts/local-premount ... [    4.494923] Btrfs loaded, crc32c=crc32c-intel
Scanning for Btrfs filesystems
done.
Warning: fsck not present, so skipping root file system
[    4.518284] EXT4-fs (sda1): INFO: recovery required on readonly filesystem
[    4.519575] EXT4-fs (sda1): write access will be enabled during recovery
[    4.591265] EXT4-fs (sda1): orphan cleanup on readonly fs
[    4.594560] EXT4-fs (sda1): 5 orphan inodes deleted
[    4.595495] EXT4-fs (sda1): recovery complete
[    4.604721] EXT4-fs (sda1): mounted filesystem with ordered data mode. Opts: (null)
done.
Begin: Running /scripts/local-bottom ... done.
Begin: Running /scripts/init-bottom ... done.
[    4.769972] ip_tables: (C) 2000-2006 Netfilter Core Team
[    4.778646] systemd[1]: systemd 237 running in system mode. (+PAM +AUDIT +SELINUX +IMA +APPARMOR +SMACK +SYSVINIT +UTMP +LIBCRYPTSETUP +GCRYPT +GNUTLS +ACL +XZ +LZ4 +SECCOMP +BLKID +ELFUTILS +KMOD -IDN2 +IDN -PCRE2 default-hierarchy=hybrid)
[    4.782539] systemd[1]: Detected virtualization oracle.
[    4.783570] systemd[1]: Detected architecture x86-64.

Welcome to [1mUbuntu 18.04.2 LTS[0m!

[    4.793783] systemd[1]: Set hostname to <dev>.
[    5.021877] systemd[1]: Created slice System Slice.
[[0;32m  OK  [0m] Created slice System Slice.
[    5.023639] systemd[1]: Listening on Device-mapper event daemon FIFOs.
[[0;32m  OK  [0m] Listening on Device-mapper event daemon FIFOs.
[    5.026260] systemd[1]: Listening on Syslog Socket.
[[0;32m  OK  [0m] Listening on Syslog Socket.
[    5.028135] systemd[1]: Created slice system-serial\x2dgetty.slice.
[[0;32m  OK  [0m] Created slice system-serial\x2dgetty.slice.
[    5.030268] systemd[1]: Listening on Journal Audit Socket.
[[0;32m  OK  [0m] Listening on Journal Audit Socket.
[    5.032157] systemd[1]: Listening on udev Control Socket.
[[0;32m  OK  [0m] Listening on udev Control Socket.
[[0;32m  OK  [0m] Listening on /dev/initctl Compatibility Named Pipe.
[[0;32m  OK  [0m] Reached target System Time Synchronized.
[[0;32m  OK  [0m] Listening on Journal Socket.
         Mounting POSIX Message Queue File System...
         Starting Load Kernel Modules...
         Mounting Kernel Debug File System...
         Starting Create list of required st…ce nodes for the current kernel...
         Starting Set the console keyboard layout...
[[0;32m  OK  [0m] Set up automount Arbitrary Executab…rmats File System Automount Point.
[    5.071486] Loading iSCSI transport class v2.0-870.
[[0;32m  OK  [0m] Started Forward Password Requests to Wall Directory Watch.
[[0;32m  OK  [0m] Reached target User and Group Name Lookups.
[[0;32m  OK  [0m] Listening on Network Service Netlink Socket.
[[0;32m  OK  [0m] Listening on LVM2 poll daemon socket.
         Starting Remount Root and Kernel File Systems...
[    5.101184] iscsi: registered transport (tcp)
         Starting Uncomplicated firewall...
[[0;32m  OK  [0m] Listening on udev Kernel Socket.
         Starting udev Coldplug all Devices...
[[0;32m  OK  [0m] Created slice User and Session Slice.
[[0;32m  OK  [0m] Reached target Slices.
[[0;32m  OK  [0m] Reached target Swap.
         Mounting Huge Pages File System...
[[0;32m  OK  [0m] Listening on LVM2 metadata daemon socket.
         Starting Monitoring of LVM2 mirrors…ng dmeventd or progress polling...
[[0;32m  OK  [0m] Listening on Journal Socket (/dev/log).
         Starting Journal Service...
[[0;32m  OK  [0m] Mounted POSIX Message Queue File System.
[[0;32m  OK  [0m] Mounted Kernel Debug File System.
[    5.124787] iscsi: registered transport (iser)
[[0;32m  OK  [0m] Started Create list of required sta…vice nodes for the current kernel.
[[0;32m  OK  [0m] Mounted Huge Pages File System.
[[0;32m  OK  [0m] Started Load Kernel Modules.
         Starting Apply Kernel Variables...
         Mounting FUSE Control File System...
         Mounting Kernel Configuration File System...
         Starting Create Static Device Nodes in /dev...
[[0;32m  OK  [0m] Started Uncomplicated firewall.
[[0;32m  OK  [0m] Started udev Coldplug all Devices.
[[0;32m  OK  [0m] Mounted FUSE Control File System.
[[0;32m  OK  [0m] Mounted Kernel Configuration File System.
[[0;32m  OK  [0m] Started LVM2 metadata daemon.
[    5.193243] EXT4-fs (sda1): re-mounted. Opts: (null)
[[0;32m  OK  [0m] Started Remount Root and Kernel File Systems.
         Starting Load/Save Random Seed...
[[0;32m  OK  [0m] Started Journal Service.
[[0;32m  OK  [0m] Started Create Static Device Nodes in /dev.
         Starting udev Kernel Device Manager...
         Starting Flush Journal to Persistent Storage...
[[0;32m  OK  [0m] Started Load/Save Random Seed.
[[0;32m  OK  [0m] Started Monitoring of LVM2 mirrors,…sing dmeventd or progress polling.
[[0;32m  OK  [0m] Started udev Kernel Device Manager.
[[0;32m  OK  [0m] Started Apply Kernel Variables.
[[0;32m  OK  [0m] Started Flush Journal to Persistent Storage.
[[0;32m  OK  [0m] Found device /dev/ttyS0.
[[0;32m  OK  [0m] Listening on Load/Save RF Kill Switch Status /dev/rfkill Watch.
[[0;32m  OK  [0m] Started Set the console keyboard layout.
[[0;32m  OK  [0m] Reached target Local File Systems (Pre).
[[0;32m  OK  [0m] Reached target Local File Systems.
         Starting Set console font and keymap...
         Starting AppArmor initialization...
         Starting Tell Plymouth To Write Out Runtime Data...
         Starting ebtables ruleset management...
         Starting Create Volatile Files and Directories...
[[0;32m  OK  [0m] Started Dispatch Password Requests to Console Directory Watch.
[[0;32m  OK  [0m] Reached target Local Encrypted Volumes.
[[0;32m  OK  [0m] Started Set console font and keymap.
[[0;32m  OK  [0m] Started Tell Plymouth To Write Out Runtime Data.
[[0;32m  OK  [0m] Started Create Volatile Files and Directories.
         Starting Update UTMP about System Boot/Shutdown...
[[0;32m  OK  [0m] Started Update UTMP about System Boot/Shutdown.
[[0;32m  OK  [0m] Started ebtables ruleset management.
[[0;32m  OK  [0m] Started AppArmor initialization.
         Starting Initial cloud-init job (pre-networking)...
[    7.121335] cloud-init[766]: Cloud-init v. 19.1-1-gbaa47854-0ubuntu1~18.04.1 running 'init-local' at Fri, 28 Jun 2019 01:26:31 +0000. Up 6.93 seconds.
[[0;32m  OK  [0m] Started Initial cloud-init job (pre-networking).
[[0;32m  OK  [0m] Reached target Network (Pre).
         Starting Network Service...
[[0;32m  OK  [0m] Started Network Service.
         Starting Wait for Network to be Configured...
         Starting Network Name Resolution...
[[0;32m  OK  [0m] Started Network Name Resolution.
[[0;32m  OK  [0m] Reached target Host and Network Name Lookups.
[[0;32m  OK  [0m] Reached target Network.
[[0;32m  OK  [0m] Started Wait for Network to be Configured.
         Starting Initial cloud-init job (metadata service crawler)...
[   12.089802] cloud-init[873]: Cloud-init v. 19.1-1-gbaa47854-0ubuntu1~18.04.1 running 'init' at Fri, 28 Jun 2019 01:26:36 +0000. Up 11.97 seconds.
[   12.093817] cloud-init[873]: ci-info: ++++++++++++++++++++++++++++++++++++++Net device info+++++++++++++++++++++++++++++++++++++++
[   12.108204] cloud-init[873]: ci-info: +--------+------+-----------------------------+---------------+--------+-------------------+
[   12.109872] cloud-init[873]: ci-info: | Device |  Up  |           Address           |      Mask     | Scope  |     Hw-Address    |
[   12.111619] cloud-init[873]: ci-info: +--------+------+-----------------------------+---------------+--------+-------------------+
[   12.113677] cloud-init[873]: ci-info: | enp0s3 | True |          10.0.2.15          | 255.255.255.0 | global | 02:27:29:89:28:9f |
[   12.116165] cloud-init[873]: ci-info: | enp0s3 | True |  fe80::27:29ff:fe89:289f/64 |       .       |  link  | 02:27:29:89:28:9f |
[   12.118190] cloud-init[873]: ci-info: | enp0s8 | True |         172.28.128.3        | 255.255.255.0 | global | 08:00:27:f8:b5:38 |
[   12.120395] cloud-init[873]: ci-info: | enp0s8 | True | fe80::a00:27ff:fef8:b538/64 |       .       |  link  | 08:00:27:f8:b5:38 |
[   12.122242] cloud-init[873]: ci-info: | enp0s9 | True |         172.16.2.169        | 255.255.255.0 | global | 08:00:27:81:af:c6 |
[   12.136625] cloud-init[873]: ci-info: | enp0s9 | True | fe80::a00:27ff:fe81:afc6/64 |       .       |  link  | 08:00:27:81:af:c6 |
[   12.139250] cloud-init[873]: ci-info: |   lo   | True |          127.0.0.1          |   255.0.0.0   |  host  |         .         |
[   12.141556] cloud-init[873]: ci-info: |   lo   | True |           ::1/128           |       .       |  host  |         .         |
[   12.143817] cloud-init[873]: ci-info: +--------+------+-----------------------------+---------------+--------+-------------------+
[   12.147232] cloud-init[873]: ci-info: ++++++++++++++++++++++++++++++Route IPv4 info++++++++++++++++++++++++++++++
[   12.149772] cloud-init[873]: ci-info: +-------+--------------+------------+-----------------+-----------+-------+
[   12.153369] cloud-init[873]: ci-info: | Route | Destination  |  Gateway   |     Genmask     | Interface | Flags |
[   12.155954] cloud-init[873]: ci-info: +-------+--------------+------------+-----------------+-----------+-------+
[   12.158410] cloud-init[873]: ci-info: |   0   |   0.0.0.0    |  10.0.2.2  |     0.0.0.0     |   enp0s3  |   UG  |
[   12.160499] cloud-init[873]: ci-info: |   1   |   0.0.0.0    | 172.16.2.1 |     0.0.0.0     |   enp0s9  |   UG  |
[   12.162233] cloud-init[873]: ci-info: |   2   |   10.0.2.0   |  0.0.0.0   |  255.255.255.0  |   enp0s3  |   U   |
[   12.164327] cloud-init[873]: ci-info: |   3   |   10.0.2.2   |  0.0.0.0   | 255.255.255.255 |   enp0s3  |   UH  |
[   12.166712] cloud-init[873]: ci-info: |   4   |  172.16.2.0  |  0.0.0.0   |  255.255.255.0  |   enp0s9  |   U   |
[   12.169056] cloud-init[873]: ci-info: |   5   |  172.16.2.1  |  0.0.0.0   | 255.255.255.255 |   enp0s9  |   UH  |
[   12.171762] cloud-init[873]: ci-info: |   6   | 172.28.128.0 |  0.0.0.0   |  255.255.255.0  |   enp0s8  |   U   |
[   12.175588] cloud-init[873]: ci-info: +-------+--------------+------------+-----------------+-----------+-------+
[   12.178309] cloud-init[873]: ci-info: +++++++++++++++++++Route IPv6 info+++++++++++++++++++
[   12.179854] cloud-init[873]: ci-info: +-------+-------------+---------+-----------+-------+
[   12.192431] cloud-init[873]: ci-info: | Route | Destination | Gateway | Interface | Flags |
[   12.193747] cloud-init[873]: ci-info: +-------+-------------+---------+-----------+-------+
[   12.204296] cloud-init[873]: ci-info: |   1   |  fe80::/64  |    ::   |   enp0s8  |   U   |
[   12.205946] cloud-init[873]: ci-info: |   2   |  fe80::/64  |    ::   |   enp0s9  |   U   |
[   12.207544] cloud-init[873]: ci-info: |   3   |  fe80::/64  |    ::   |   enp0s3  |   U   |
[   12.209121] cloud-init[873]: ci-info: |   5   |    local    |    ::   |   enp0s3  |   U   |
[   12.210568] cloud-init[873]: ci-info: |   6   |    local    |    ::   |   enp0s9  |   U   |
[   12.220500] cloud-init[873]: ci-info: |   7   |    local    |    ::   |   enp0s8  |   U   |
[   12.222691] cloud-init[873]: ci-info: |   8   |   ff00::/8  |    ::   |   enp0s8  |   U   |
[   12.225302] cloud-init[873]: ci-info: |   9   |   ff00::/8  |    ::   |   enp0s9  |   U   |
[   12.227229] cloud-init[873]: ci-info: |   10  |   ff00::/8  |    ::   |   enp0s3  |   U   |
[   12.229122] cloud-init[873]: ci-info: +-------+-------------+---------+-----------+-------+
[[0;32m  OK  [0m] Started Initial cloud-init job (metadata service crawler).
[[0;32m  OK  [0m] Reached target Cloud-config availability.
[[0;32m  OK  [0m] Reached target System Initialization.
[[0;32m  OK  [0m] Started ACPI Events Check.
         Starting Socket activation for snappy daemon.
[[0;32m  OK  [0m] Started Discard unused blocks once a week.
[[0;32m  OK  [0m] Started Daily Cleanup of Temporary Directories.
[[0;32m  OK  [0m] Listening on UUID daemon activation socket.
[[0;32m  OK  [0m] Listening on D-Bus System Message Bus Socket.
[[0;32m  OK  [0m] Reached target Paths.
         Starting LXD - unix socket.
[[0;32m  OK  [0m] Listening on Open-iSCSI iscsid Socket.
[[0;32m  OK  [0m] Listening on ACPID Listen Socket.
[[0;32m  OK  [0m] Started Daily apt download activities.
[[0;32m  OK  [0m] Started Message of the Day.
[[0;32m  OK  [0m] Started Daily apt upgrade and clean activities.
[[0;32m  OK  [0m] Reached target Timers.
[[0;32m  OK  [0m] Reached target Network is Online.
[[0;32m  OK  [0m] Reached target Remote File Systems (Pre).
[[0;32m  OK  [0m] Reached target Remote File Systems.
         Starting Availability of block devices...
[[0;32m  OK  [0m] Listening on Socket activation for snappy daemon.
[[0;32m  OK  [0m] Listening on LXD - unix socket.
[[0;32m  OK  [0m] Reached target Sockets.
[[0;32m  OK  [0m] Reached target Basic System.
         Starting Dispatcher daemon for systemd-networkd...
         Starting Accounts Service...
         Starting Login Service...
[[0;32m  OK  [0m] Started Deferred execution scheduler.
[[0;32m  OK  [0m] Started D-Bus System Message Bus.
[[0;32m  OK  [0m] Started Regular background program processing daemon.
[[0;32m  OK  [0m] Started irqbalance daemon.
         Starting LSB: automatic crash report generation...
         Starting System Logging Service...
         Starting vboxadd.service...
         Starting Advanced key-value store...
         Starting Permit User Sessions...
         Starting A high performance web server and a reverse proxy server...
         Starting LSB: Record successful boot for GRUB...
         Starting LXD - container startup/shutdown...
[[0;32m  OK  [0m] Started FUSE filesystem for LXC.
[[0;32m  OK  [0m] Started An object/document-oriented database.
         Starting OpenBSD Secure Shell server...
         Starting Snappy daemon...
[[0;32m  OK  [0m] Started System Logging Service.
[[0;32m  OK  [0m] Started Availability of block devices.
[[0;32m  OK  [0m] Started Permit User Sessions.
[[0;32m  OK  [0m] Started A high performance web server and a reverse proxy server.
[[0;32m  OK  [0m] Started Login Service.
[[0;32m  OK  [0m] Started Unattended Upgrades Shutdown.
         Starting Authorization Manager...
         Starting Hostname Service...
         Starting Terminate Plymouth Boot Screen...
         Starting Hold until boot process finishes up...
[[0;32m  OK  [0m] Started Terminate Plymouth Boot Screen.
[[0;32m  OK  [0m] Started Hold until boot process finishes up.
         Starting Set console scheme...
[[0;32m  OK  [0m] Started Serial Getty on ttyS0.
[[0;32m  OK  [0m] Started Authorization Manager.
[[0;32m  OK  [0m] Started Accounts Service.
[[0;32m  OK  [0m] Started OpenBSD Secure Shell server.
[[0;32m  OK  [0m] Started Set console scheme.
[[0;32m  OK  [0m] Created slice system-getty.slice.
[[0;32m  OK  [0m] Started Getty on tty1.
[[0;32m  OK  [0m] Reached target Login Prompts.
[[0;32m  OK  [0m] Started LSB: automatic crash report generation.
[[0;32m  OK  [0m] Started Advanced key-value store.
[[0;32m  OK  [0m] Started LSB: Record successful boot for GRUB.
[[0;32m  OK  [0m] Started Dispatcher daemon for systemd-networkd.
[[0;32m  OK  [0m] Started Hostname Service.
[[0;32m  OK  [0m] Started LXD - container startup/shutdown.
[[0;32m  OK  [0m] Started Snappy daemon.
         Starting Wait until snapd is fully seeded...
[[0;32m  OK  [0m] Created slice User Slice of vagrant.
[[0;32m  OK  [0m] Started Wait until snapd is fully seeded.
[[0;32m  OK  [0m] Started Session 1 of user vagrant.
         Starting Apply the settings specified in cloud-config...
         Starting User Manager for UID 1000...
[[0;32m  OK  [0m] Started User Manager for UID 1000.
[   14.153917] cloud-init[1383]: Cloud-init v. 19.1-1-gbaa47854-0ubuntu1~18.04.1 running 'modules:config' at Fri, 28 Jun 2019 01:26:38 +0000. Up 13.92 seconds.
[[0;32m  OK  [0m] Started Apply the settings specified in cloud-config.
[[0;32m  OK  [0m] Started vboxadd.service.
         Starting vboxadd-service.service...
[[0;32m  OK  [0m] Started vboxadd-service.service.
[[0;32m  OK  [0m] Reached target Multi-User System.
         Starting Execute cloud user/final scripts...
[[0;32m  OK  [0m] Reached target Graphical Interface.
         Starting Update UTMP about System Runlevel Changes...
[[0;32m  OK  [0m] Started Update UTMP about System Runlevel Changes.
[   15.211956] cloud-init[1573]: Cloud-init v. 19.1-1-gbaa47854-0ubuntu1~18.04.1 running 'modules:final' at Fri, 28 Jun 2019 01:26:39 +0000. Up 15.10 seconds.
[   15.226378] cloud-init[1573]: Cloud-init v. 19.1-1-gbaa47854-0ubuntu1~18.04.1 finished at Fri, 28 Jun 2019 01:26:40 +0000. Datasource DataSourceNoCloud [seed=/dev/sdb][dsmode=net].  Up 15.20 seconds
[[0;32m  OK  [0m] Started Execute cloud user/final scripts.
[[0;32m  OK  [0m] Reached target Cloud-init target.

Ubuntu 18.04.2 LTS dev ttyS0

dev login: 